Arguments: 
  /usr/local/bin/node /Users/macintoshhd/.yarn/bin/yarn.js init

PATH: 
  /Users/macintoshhd/.yarn/bin:/Users/macintoshhd/.config/yarn/global/node_modules/.bin:/Users/macintoshhd/.rbenv/shims:/Users/macintoshhd/bin:/usr/local/Cellar/mongodb-community@4.4/4.4.10/bin:/usr/local/bin:/usr/bin:/bin:/usr/sbin:/sbin’:/usr/local/opt/fzf/bin:/Users/macintoshhd/.fig/bin:/Users/macintoshhd/.local/bin

Yarn version: 
  1.22.18

Node version: 
  16.13.0

Platform: 
  darwin x64

Trace: 
  Error: canceled
      at Interface.<anonymous> (/Users/macintoshhd/.yarn/lib/cli.js:137143:13)
      at Interface.emit (node:events:390:28)
      at Interface._ttyWrite (node:readline:1081:16)
      at ReadStream.onkeypress (node:readline:288:10)
      at ReadStream.emit (node:events:390:28)
      at emitKeys (node:internal/readline/utils:358:14)
      at emitKeys.next (<anonymous>)
      at ReadStream.onData (node:internal/readline/emitKeypressEvents:61:36)
      at ReadStream.emit (node:events:390:28)
      at addChunk (node:internal/streams/readable:315:12)

npm manifest: 
  No manifest

yarn manifest: 
  No manifest

Lockfile: 
  No lockfile
